<?xml version="1.0" encoding="UTF-8"?>
<!-- Generated by org.testng.reporters.JUnitReportReporter -->
<testsuite skipped="0" hostname="DESKTOP-7MOHEMN" name="Scripts.Testcase2" tests="1" failures="0" timestamp="04 Jun 2018 15:33:02 GMT" time="7.849" errors="0">
  <testcase name="tcc2" time="7.849" classname="Scripts.Testcase2"/>
</testsuite> <!-- Scripts.Testcase2 -->
