<?xml version="1.0" encoding="UTF-8"?>
<!-- Generated by org.testng.reporters.JUnitReportReporter -->
<testsuite skipped="0" hostname="DESKTOP-7MOHEMN" name="Scripts.Testcase3" tests="1" failures="0" timestamp="04 Jun 2018 15:33:02 GMT" time="9.961" errors="0">
  <testcase name="test3" time="9.961" classname="Scripts.Testcase3"/>
</testsuite> <!-- Scripts.Testcase3 -->
