<?xml version="1.0" encoding="UTF-8"?>
<!-- Generated by org.testng.reporters.JUnitReportReporter -->
<testsuite skipped="0" hostname="DESKTOP-7MOHEMN" name="Scripts.Testcase1" tests="1" failures="0" timestamp="04 Jun 2018 15:33:02 GMT" time="24.676" errors="0">
  <testcase name="tcc1" time="24.676" classname="Scripts.Testcase1"/>
</testsuite> <!-- Scripts.Testcase1 -->
